<?xml version="1.0" encoding="UTF-8"?>
<testng-results ignored="0" total="1" passed="1" failed="0" skipped="0">
  <reporter-output>
  </reporter-output>
  <suite started-at="2023-11-06T18:46:58 IST" name="Default suite" finished-at="2023-11-06T18:47:08 IST" duration-ms="10396">
    <groups>
    </groups>
    <test started-at="2023-11-06T18:46:58 IST" name="Default test" finished-at="2023-11-06T18:47:08 IST" duration-ms="10396">
      <class name="Selenium4.MakeMyTrip">
        <test-method signature="MMT()[pri:0, instance:Selenium4.MakeMyTrip@15bbf42f]" started-at="2023-11-06T18:46:58 IST" name="MMT" finished-at="2023-11-06T18:47:08 IST" duration-ms="10358" status="PASS">
          <reporter-output>
          </reporter-output>
        </test-method> <!-- MMT -->
      </class> <!-- Selenium4.MakeMyTrip -->
    </test> <!-- Default test -->
  </suite> <!-- Default suite -->
</testng-results>
